Hyper-params: score_func: 1, answer_agg: False, prob: softmax, calibrator: NO
dev set loaded
test set loaded
dev spans scored
test spans scored
dev set
EM:  0.3458947128011876
Acc:  [-1.0, 0.06, 0.04, 0.08, 0.11, 0.2, 0.22, 0.23, 0.29, 0.45]
Conf:  [-1.0, 0.18, 0.26, 0.36, 0.45, 0.55, 0.65, 0.75, 0.85, 0.98]
Sizes:  [0, 16, 104, 239, 416, 709, 693, 716, 925, 4939]
dev ECE:  49.01148466420153
test set
EM:  0.3407202216066482
Acc:  [-1.0, 0.0, 0.11, 0.13, 0.2, 0.17, 0.14, 0.24, 0.28, 0.46]
Conf:  [-1.0, 0.18, 0.25, 0.35, 0.45, 0.55, 0.65, 0.75, 0.85, 0.98]
Sizes:  [0, 4, 37, 111, 196, 309, 306, 339, 402, 1906]
test ECE:  48.18046834506822
#questions with ZERO correct spans:  1227
Acc:  [-1.0, 0.0, 0.0, 0.0, 0.0, 0.0, 0.0, 0.0, 0.0, 0.0]
Conf:  [-1.0, 0.18, 0.25, 0.35, 0.45, 0.55, 0.65, 0.75, 0.85, 0.97]
Sizes:  [0, 4, 25, 56, 81, 134, 120, 131, 150, 526]
test ZERO correct subset ECE:  77.79414303360788
#questions with ONE correct spans:  590
Acc:  [-1.0, -1.0, 0.4, 0.07, 0.14, 0.2, 0.12, 0.33, 0.17, 0.51]
Conf:  [-1.0, -1.0, 0.25, 0.36, 0.46, 0.55, 0.65, 0.75, 0.85, 0.98]
Sizes:  [0, 0, 5, 15, 21, 44, 43, 49, 60, 353]
test ONE correct subset ECE:  47.08267606627569
#questions with > 1 correct spans:  1793
Acc:  [-1.0, -1.0, 0.29, 0.32, 0.39, 0.34, 0.27, 0.4, 0.53, 0.69]
Conf:  [-1.0, -1.0, 0.26, 0.35, 0.45, 0.54, 0.65, 0.75, 0.85, 0.98]
Sizes:  [0, 0, 7, 40, 94, 131, 143, 159, 192, 1027]
test > 1 correct subset ECE:  28.37844776781788


Hyper-params: score_func: 1, answer_agg: False, prob: softmax, calibrator: TS
best temp:  6.12
dev spans scored
dev set
EM:  0.3458947128011876
Acc:  [-1.0, 0.13, 0.23, 0.35, 0.45, 0.56, 0.67, 0.7, -1.0, -1.0]
Conf:  [-1.0, 0.17, 0.25, 0.35, 0.45, 0.55, 0.64, 0.73, -1.0, -1.0]
Sizes:  [0, 1299, 2492, 1908, 1377, 948, 631, 102, 0, 0]
dev ECE:  1.675939346970095
test spans scored
test set
EM:  0.3407202216066482
Acc:  [-1.0, 0.14, 0.23, 0.35, 0.51, 0.61, 0.67, 0.9, -1.0, -1.0]
Conf:  [-1.0, 0.17, 0.25, 0.35, 0.45, 0.55, 0.64, 0.73, -1.0, -1.0]
Sizes:  [0, 669, 1129, 799, 474, 292, 216, 31, 0, 0]
test ECE:  2.6915747121336726
#questions with ZERO correct spans:  1227
Acc:  [-1.0, 0.0, 0.0, 0.0, 0.0, 0.0, 0.0, 0.0, -1.0, -1.0]
Conf:  [-1.0, 0.17, 0.25, 0.34, 0.45, 0.54, 0.64, 0.73, -1.0, -1.0]
Sizes:  [0, 321, 441, 255, 114, 64, 29, 3, 0, 0]
test ZERO correct subset ECE:  29.020335090567983
#questions with ONE correct spans:  590
Acc:  [-1.0, 0.19, 0.21, 0.33, 0.56, 0.78, 0.67, 1.0, -1.0, -1.0]
Conf:  [-1.0, 0.17, 0.25, 0.35, 0.45, 0.55, 0.65, 0.73, -1.0, -1.0]
Sizes:  [0, 86, 183, 119, 102, 46, 45, 9, 0, 0]
test ONE correct subset ECE:  6.2011437019275535
#questions with > 1 correct spans:  1793
Acc:  [-1.0, 0.31, 0.44, 0.57, 0.72, 0.77, 0.8, 1.0, -1.0, -1.0]
Conf:  [-1.0, 0.17, 0.25, 0.34, 0.45, 0.55, 0.64, 0.73, -1.0, -1.0]
Sizes:  [0, 262, 505, 425, 258, 182, 142, 19, 0, 0]
test > 1 correct subset ECE:  20.4262125850386


Hyper-params: score_func: 1, answer_agg: True, prob: softmax, calibrator: NO
dev set loaded
test set loaded
dev spans scored
answer aggregation on dev set done
test spans scored
answer aggregation on test set done
dev set
EM:  0.3393856343496631
Acc:  [-1.0, 0.08, 0.05, 0.07, 0.09, 0.17, 0.21, 0.21, 0.25, 0.42]
Conf:  [-1.0, 0.18, 0.26, 0.36, 0.45, 0.55, 0.65, 0.75, 0.85, 0.99]
Sizes:  [0, 13, 81, 185, 320, 546, 583, 588, 788, 5653]
dev ECE:  52.860591789595105
test set
EM:  0.3409972299168975
Acc:  [-1.0, 0.0, 0.09, 0.08, 0.17, 0.17, 0.14, 0.22, 0.23, 0.44]
Conf:  [-1.0, 0.17, 0.25, 0.36, 0.45, 0.55, 0.65, 0.75, 0.85, 0.98]
Sizes:  [0, 3, 22, 85, 143, 260, 243, 289, 349, 2216]
test ECE:  51.629643393910676
#questions with ZERO correct spans:  1227
Acc:  [-1.0, 0.0, 0.0, 0.0, 0.0, 0.0, 0.0, 0.0, 0.0, 0.0]
Conf:  [-1.0, 0.17, 0.25, 0.36, 0.45, 0.55, 0.65, 0.75, 0.85, 0.98]
Sizes:  [0, 3, 15, 48, 59, 122, 92, 110, 138, 640]
test ZERO correct subset ECE:  81.69798936566477
#questions with ONE correct spans:  590
Acc:  [-1.0, -1.0, 0.5, 0.08, 0.16, 0.24, 0.14, 0.33, 0.19, 0.47]
Conf:  [-1.0, -1.0, 0.26, 0.35, 0.46, 0.55, 0.65, 0.75, 0.85, 0.98]
Sizes:  [0, 0, 4, 12, 19, 34, 35, 45, 58, 383]
test ONE correct subset ECE:  49.61539582206301
#questions with > 1 correct spans:  1793
Acc:  [-1.0, -1.0, 0.0, 0.24, 0.32, 0.35, 0.26, 0.37, 0.44, 0.67]
Conf:  [-1.0, -1.0, 0.28, 0.36, 0.45, 0.55, 0.65, 0.75, 0.85, 0.99]
Sizes:  [0, 0, 3, 25, 65, 104, 116, 134, 153, 1193]
test > 1 correct subset ECE:  31.824692511701425


Hyper-params: score_func: 1, answer_agg: True, prob: softmax, calibrator: TS
best temp:  7.18
dev spans scored
answer aggregation on dev set done
dev set
EM:  0.3393856343496631
Acc:  [-1.0, 0.11, 0.22, 0.35, 0.47, 0.57, 0.53, 0.46, 0.61, 0.57]
Conf:  [-1.0, 0.17, 0.25, 0.35, 0.45, 0.54, 0.64, 0.75, 0.85, 0.94]
Sizes:  [0, 1224, 2391, 2037, 1400, 896, 334, 194, 195, 86]
dev ECE:  4.151186351740818
test spans scored
answer aggregation on test set done
test set
EM:  0.3409972299168975
Acc:  [-1.0, 0.13, 0.24, 0.38, 0.52, 0.59, 0.54, 0.47, 0.61, 0.62]
Conf:  [-1.0, 0.17, 0.25, 0.34, 0.45, 0.55, 0.64, 0.75, 0.85, 0.95]
Sizes:  [0, 644, 1095, 789, 494, 312, 114, 58, 70, 34]
test ECE:  4.491969738415643
#questions with ZERO correct spans:  1227
Acc:  [-1.0, 0.0, 0.0, 0.0, 0.0, 0.0, 0.0, 0.0, 0.0, 0.0]
Conf:  [-1.0, 0.17, 0.24, 0.34, 0.45, 0.54, 0.64, 0.74, 0.85, 0.93]
Sizes:  [0, 319, 420, 241, 121, 67, 27, 20, 8, 4]
test ZERO correct subset ECE:  30.24916659553406
#questions with ONE correct spans:  590
Acc:  [-1.0, 0.24, 0.23, 0.42, 0.62, 0.64, 0.58, 0.0, 0.0, 0.0]
Conf:  [-1.0, 0.17, 0.25, 0.35, 0.45, 0.55, 0.64, 0.75, 0.84, 0.95]
Sizes:  [0, 93, 181, 143, 87, 56, 19, 3, 5, 3]
test ONE correct subset ECE:  8.691471729714515
#questions with > 1 correct spans:  1793
Acc:  [-1.0, 0.26, 0.45, 0.58, 0.7, 0.78, 0.75, 0.77, 0.75, 0.78]
Conf:  [-1.0, 0.17, 0.25, 0.34, 0.45, 0.55, 0.64, 0.76, 0.85, 0.95]
Sizes:  [0, 232, 494, 405, 286, 189, 68, 35, 57, 27]
test > 1 correct subset ECE:  19.36128412365711


Hyper-params: score_func: 5, answer_agg: False, prob: softmax, calibrator: NO
dev set loaded
test set loaded
dev spans scored
test spans scored
dev set
EM:  0.3458947128011876
Acc:  [-1.0, 0.35, 0.86, -1.0, -1.0, -1.0, -1.0, -1.0, -1.0, -1.0]
Conf:  [-1.0, 0.11, 0.21, -1.0, -1.0, -1.0, -1.0, -1.0, -1.0, -1.0]
Sizes:  [0, 8750, 7, 0, 0, 0, 0, 0, 0, 0]
dev ECE:  23.903466147777205
test set
EM:  0.3407202216066482
Acc:  [-1.0, 0.34, 0.5, -1.0, -1.0, -1.0, -1.0, -1.0, -1.0, -1.0]
Conf:  [-1.0, 0.11, 0.21, -1.0, -1.0, -1.0, -1.0, -1.0, -1.0, -1.0]
Sizes:  [0, 3608, 2, 0, 0, 0, 0, 0, 0, 0]
test ECE:  23.48307449891153
#questions with ZERO correct spans:  1227
Acc:  [-1.0, 0.0, 0.0, -1.0, -1.0, -1.0, -1.0, -1.0, -1.0, -1.0]
Conf:  [-1.0, 0.1, 0.22, -1.0, -1.0, -1.0, -1.0, -1.0, -1.0, -1.0]
Sizes:  [0, 1226, 1, 0, 0, 0, 0, 0, 0, 0]
test ZERO correct subset ECE:  10.414658277394093
#questions with ONE correct spans:  590
Acc:  [-1.0, 0.38, -1.0, -1.0, -1.0, -1.0, -1.0, -1.0, -1.0, -1.0]
Conf:  [-1.0, 0.11, -1.0, -1.0, -1.0, -1.0, -1.0, -1.0, -1.0, -1.0]
Sizes:  [0, 590, 0, 0, 0, 0, 0, 0, 0, 0]
test ONE correct subset ECE:  27.40366648259541
#questions with > 1 correct spans:  1793
Acc:  [-1.0, 0.56, 1.0, -1.0, -1.0, -1.0, -1.0, -1.0, -1.0, -1.0]
Conf:  [-1.0, 0.11, 0.21, -1.0, -1.0, -1.0, -1.0, -1.0, -1.0, -1.0]
Sizes:  [0, 1792, 1, 0, 0, 0, 0, 0, 0, 0]
test > 1 correct subset ECE:  45.3901402245967


Hyper-params: score_func: 5, answer_agg: False, prob: softmax, calibrator: TS
best temp:  0.06
dev spans scored
dev set
EM:  0.3458947128011876
Acc:  [-1.0, 0.27, 0.42, 0.42, 0.47, 0.5, 0.56, 0.56, 0.52, 0.58]
Conf:  [-1.0, 0.13, 0.25, 0.35, 0.45, 0.55, 0.65, 0.75, 0.85, 0.97]
Sizes:  [0, 5725, 890, 482, 323, 223, 181, 189, 188, 556]
dev ECE:  15.773416975048344
test spans scored
test set
EM:  0.3407202216066482
Acc:  [-1.0, 0.27, 0.47, 0.51, 0.43, 0.44, 0.5, 0.6, 0.51, 0.62]
Conf:  [-1.0, 0.12, 0.24, 0.35, 0.45, 0.55, 0.64, 0.75, 0.85, 0.97]
Sizes:  [0, 2497, 339, 179, 108, 82, 78, 73, 79, 175]
test ECE:  16.249702624180497
#questions with ZERO correct spans:  1227
Acc:  [-1.0, 0.0, 0.0, 0.0, 0.0, 0.0, 0.0, 0.0, 0.0, 0.0]
Conf:  [-1.0, 0.12, 0.25, 0.35, 0.45, 0.54, 0.64, 0.76, 0.86, 0.97]
Sizes:  [0, 942, 93, 44, 32, 30, 21, 13, 22, 30]
test ZERO correct subset ECE:  20.68940753902485
#questions with ONE correct spans:  590
Acc:  [-1.0, 0.25, 0.49, 0.58, 0.61, 0.43, 0.56, 0.56, 0.65, 0.71]
Conf:  [-1.0, 0.13, 0.24, 0.34, 0.45, 0.55, 0.64, 0.74, 0.85, 0.97]
Sizes:  [0, 363, 57, 24, 18, 14, 16, 16, 20, 62]
test ONE correct subset ECE:  16.141574560327683
#questions with > 1 correct spans:  1793
Acc:  [-1.0, 0.48, 0.69, 0.69, 0.6, 0.79, 0.73, 0.8, 0.73, 0.77]
Conf:  [-1.0, 0.13, 0.24, 0.35, 0.45, 0.55, 0.64, 0.76, 0.85, 0.97]
Sizes:  [0, 1192, 189, 111, 58, 38, 41, 44, 37, 83]
test > 1 correct subset ECE:  33.13884129105342


Hyper-params: score_func: 5, answer_agg: True, prob: softmax, calibrator: NO
dev set loaded
test set loaded
dev spans scored
answer aggregation on dev set done
test spans scored
answer aggregation on test set done
dev set
EM:  0.346465684595181
Acc:  [-1.0, 0.35, 0.49, 1.0, -1.0, -1.0, -1.0, -1.0, -1.0, -1.0]
Conf:  [-1.0, 0.11, 0.22, 0.33, -1.0, -1.0, -1.0, -1.0, -1.0, -1.0]
Sizes:  [0, 8705, 51, 1, 0, 0, 0, 0, 0, 0]
dev ECE:  23.13138472744202
test set
EM:  0.3407202216066482
Acc:  [-1.0, 0.34, 0.71, -1.0, -1.0, -1.0, -1.0, -1.0, -1.0, -1.0]
Conf:  [-1.0, 0.11, 0.22, -1.0, -1.0, -1.0, -1.0, -1.0, -1.0, -1.0]
Sizes:  [0, 3593, 17, 0, 0, 0, 0, 0, 0, 0]
test ECE:  22.703183331515696
#questions with ZERO correct spans:  1227
Acc:  [-1.0, 0.0, 0.0, -1.0, -1.0, -1.0, -1.0, -1.0, -1.0, -1.0]
Conf:  [-1.0, 0.11, 0.21, -1.0, -1.0, -1.0, -1.0, -1.0, -1.0, -1.0]
Sizes:  [0, 1223, 4, 0, 0, 0, 0, 0, 0, 0]
test ZERO correct subset ECE:  11.104102996648448
#questions with ONE correct spans:  590
Acc:  [-1.0, 0.38, -1.0, -1.0, -1.0, -1.0, -1.0, -1.0, -1.0, -1.0]
Conf:  [-1.0, 0.11, -1.0, -1.0, -1.0, -1.0, -1.0, -1.0, -1.0, -1.0]
Sizes:  [0, 590, 0, 0, 0, 0, 0, 0, 0, 0]
test ONE correct subset ECE:  26.878975009954353
#questions with > 1 correct spans:  1793
Acc:  [-1.0, 0.56, 0.92, -1.0, -1.0, -1.0, -1.0, -1.0, -1.0, -1.0]
Conf:  [-1.0, 0.11, 0.22, -1.0, -1.0, -1.0, -1.0, -1.0, -1.0, -1.0]
Sizes:  [0, 1780, 13, 0, 0, 0, 0, 0, 0, 0]
test > 1 correct subset ECE:  44.46437866580382


Hyper-params: score_func: 5, answer_agg: True, prob: softmax, calibrator: TS
best temp:  0.06
dev spans scored
answer aggregation on dev set done
dev set
EM:  0.346465684595181
Acc:  [-1.0, 0.27, 0.41, 0.41, 0.46, 0.5, 0.55, 0.56, 0.48, 0.58]
Conf:  [-1.0, 0.13, 0.24, 0.34, 0.45, 0.55, 0.65, 0.75, 0.85, 0.97]
Sizes:  [0, 5435, 1058, 524, 337, 244, 193, 198, 189, 579]
dev ECE:  15.040056899485515
test spans scored
answer aggregation on test set done
test set
EM:  0.3407202216066482
Acc:  [-1.0, 0.26, 0.46, 0.48, 0.49, 0.4, 0.5, 0.61, 0.52, 0.61]
Conf:  [-1.0, 0.13, 0.24, 0.35, 0.45, 0.55, 0.64, 0.75, 0.85, 0.97]
Sizes:  [0, 2403, 399, 185, 121, 78, 86, 75, 82, 181]
test ECE:  15.365529877234007
#questions with ZERO correct spans:  1227
Acc:  [-1.0, 0.0, 0.0, 0.0, 0.0, 0.0, 0.0, 0.0, 0.0, 0.0]
Conf:  [-1.0, 0.13, 0.24, 0.36, 0.45, 0.55, 0.64, 0.75, 0.86, 0.97]
Sizes:  [0, 913, 115, 47, 32, 29, 23, 13, 23, 32]
test ZERO correct subset ECE:  21.65329515220346
#questions with ONE correct spans:  590
Acc:  [-1.0, 0.26, 0.42, 0.63, 0.56, 0.53, 0.5, 0.56, 0.68, 0.7]
Conf:  [-1.0, 0.13, 0.24, 0.34, 0.45, 0.55, 0.64, 0.75, 0.85, 0.97]
Sizes:  [0, 356, 60, 27, 16, 15, 18, 16, 19, 63]
test ONE correct subset ECE:  15.440499262991453
#questions with > 1 correct spans:  1793
Acc:  [-1.0, 0.47, 0.71, 0.65, 0.68, 0.68, 0.76, 0.8, 0.75, 0.77]
Conf:  [-1.0, 0.13, 0.24, 0.34, 0.44, 0.55, 0.64, 0.75, 0.85, 0.97]
Sizes:  [0, 1134, 224, 111, 73, 34, 45, 46, 40, 86]
test > 1 correct subset ECE:  31.87501937218617


Hyper-params: score_func: 6, answer_agg: False, prob: none, calibrator: NO
dev set loaded
test set loaded
dev spans scored
test spans scored
dev set
EM:  0.3458947128011876
Acc:  [0.3, 0.5, 0.49, 0.6, 0.58, 0.58, 0.73, 0.64, 0.83, 1.0]
Conf:  [0.03, 0.14, 0.25, 0.34, 0.45, 0.54, 0.65, 0.75, 0.82, 0.93]
Sizes:  [6973, 961, 385, 196, 103, 78, 30, 22, 6, 3]
dev ECE:  27.71453163396619
test set
EM:  0.3407202216066482
Acc:  [0.3, 0.47, 0.54, 0.53, 0.71, 0.67, 0.87, 0.83, 1.0, 0.0]
Conf:  [0.02, 0.14, 0.24, 0.34, 0.44, 0.54, 0.64, 0.75, 0.87, 0.92]
Sizes:  [2964, 353, 151, 70, 34, 15, 15, 6, 1, 1]
test ECE:  28.120776846641625
#questions with ZERO correct spans:  1227
Acc:  [0.0, 0.0, 0.0, 0.0, 0.0, 0.0, 0.0, -1.0, -1.0, 0.0]
Conf:  [0.02, 0.14, 0.24, 0.34, 0.43, 0.51, 0.63, -1.0, -1.0, 0.92]
Sizes:  [1064, 103, 36, 15, 5, 1, 2, 0, 0, 1]
test ZERO correct subset ECE:  4.327389198036178
#questions with ONE correct spans:  590
Acc:  [0.3, 0.52, 0.62, 0.62, 0.8, 0.67, 1.0, 0.67, -1.0, -1.0]
Conf:  [0.02, 0.15, 0.25, 0.34, 0.45, 0.55, 0.65, 0.75, -1.0, -1.0]
Sizes:  [439, 63, 40, 21, 10, 6, 8, 3, 0, 0]
test ONE correct subset ECE:  29.495126589698767
#questions with > 1 correct spans:  1793
Acc:  [0.52, 0.71, 0.75, 0.71, 0.84, 0.75, 1.0, 1.0, 1.0, -1.0]
Conf:  [0.03, 0.14, 0.23, 0.34, 0.43, 0.53, 0.63, 0.74, 0.87, -1.0]
Sizes:  [1461, 187, 75, 34, 19, 8, 5, 3, 1, 0]
test > 1 correct subset ECE:  49.800433269946886


Hyper-params: score_func: 6, answer_agg: False, prob: none, calibrator: TS
best temp:  0.52
dev spans scored
dev set
EM:  0.3458947128011876
Acc:  [0.28, 0.38, 0.44, 0.41, 0.43, 0.43, 0.42, 0.47, 0.46, 0.63]
Conf:  [0.03, 0.14, 0.25, 0.35, 0.44, 0.55, 0.65, 0.75, 0.85, 0.95]
Sizes:  [4868, 1154, 674, 483, 386, 280, 243, 222, 193, 254]
dev ECE:  22.508396712186997
test spans scored
test set
EM:  0.3407202216066482
Acc:  [0.27, 0.41, 0.45, 0.41, 0.4, 0.45, 0.51, 0.42, 0.48, 0.75]
Conf:  [0.03, 0.15, 0.25, 0.35, 0.45, 0.55, 0.65, 0.75, 0.85, 0.95]
Sizes:  [2176, 413, 256, 185, 145, 98, 111, 91, 64, 71]
test ECE:  22.299981816298377
#questions with ZERO correct spans:  1227
Acc:  [0.0, 0.0, 0.0, 0.0, 0.0, 0.0, 0.0, 0.0, 0.0, 0.0]
Conf:  [0.02, 0.15, 0.24, 0.35, 0.45, 0.54, 0.65, 0.75, 0.85, 0.95]
Sizes:  [813, 124, 68, 60, 50, 26, 31, 26, 19, 10]
test ZERO correct subset ECE:  14.382182862082047
#questions with ONE correct spans:  590
Acc:  [0.25, 0.43, 0.4, 0.5, 0.44, 0.58, 0.71, 0.47, 0.68, 0.88]
Conf:  [0.03, 0.14, 0.25, 0.34, 0.44, 0.55, 0.65, 0.75, 0.85, 0.96]
Sizes:  [310, 58, 42, 30, 25, 26, 24, 30, 19, 26]
test ONE correct subset ECE:  18.847078338013343
#questions with > 1 correct spans:  1793
Acc:  [0.49, 0.62, 0.66, 0.63, 0.67, 0.63, 0.71, 0.69, 0.69, 0.86]
Conf:  [0.03, 0.15, 0.25, 0.34, 0.45, 0.55, 0.66, 0.75, 0.84, 0.95]
Sizes:  [1053, 231, 146, 95, 70, 46, 56, 35, 26, 35]
test > 1 correct subset ECE:  39.96859882786265


Hyper-params: score_func: 2, answer_agg: False, prob: softmax, calibrator: NO
dev set loaded
test set loaded
dev spans scored
test spans scored
dev set
EM:  0.3458947128011876
Acc:  [-1.0, 0.06, 0.04, 0.08, 0.11, 0.2, 0.22, 0.23, 0.29, 0.45]
Conf:  [-1.0, 0.18, 0.26, 0.36, 0.45, 0.55, 0.65, 0.75, 0.85, 0.98]
Sizes:  [0, 16, 104, 239, 416, 709, 693, 716, 925, 4939]
dev ECE:  49.01148466420153
test set
EM:  0.3407202216066482
Acc:  [-1.0, 0.0, 0.11, 0.13, 0.2, 0.17, 0.14, 0.24, 0.28, 0.46]
Conf:  [-1.0, 0.18, 0.25, 0.35, 0.45, 0.55, 0.65, 0.75, 0.85, 0.98]
Sizes:  [0, 4, 37, 111, 196, 309, 306, 339, 402, 1906]
test ECE:  48.18046834506822
#questions with ZERO correct spans:  1227
Acc:  [-1.0, 0.0, 0.0, 0.0, 0.0, 0.0, 0.0, 0.0, 0.0, 0.0]
Conf:  [-1.0, 0.18, 0.25, 0.35, 0.45, 0.55, 0.65, 0.75, 0.85, 0.97]
Sizes:  [0, 4, 25, 56, 81, 134, 120, 131, 150, 526]
test ZERO correct subset ECE:  77.79414303360788
#questions with ONE correct spans:  590
Acc:  [-1.0, -1.0, 0.4, 0.07, 0.14, 0.2, 0.12, 0.33, 0.17, 0.51]
Conf:  [-1.0, -1.0, 0.25, 0.36, 0.46, 0.55, 0.65, 0.75, 0.85, 0.98]
Sizes:  [0, 0, 5, 15, 21, 44, 43, 49, 60, 353]
test ONE correct subset ECE:  47.08267606627569
#questions with > 1 correct spans:  1793
Acc:  [-1.0, -1.0, 0.29, 0.32, 0.39, 0.34, 0.27, 0.4, 0.53, 0.69]
Conf:  [-1.0, -1.0, 0.26, 0.35, 0.45, 0.54, 0.65, 0.75, 0.85, 0.98]
Sizes:  [0, 0, 7, 40, 94, 131, 143, 159, 192, 1027]
test > 1 correct subset ECE:  28.37844776781788


Hyper-params: score_func: 2, answer_agg: False, prob: softmax, calibrator: TS
best temp:  6.12
dev spans scored
dev set
EM:  0.3458947128011876
Acc:  [-1.0, 0.13, 0.23, 0.35, 0.45, 0.56, 0.67, 0.7, -1.0, -1.0]
Conf:  [-1.0, 0.17, 0.25, 0.35, 0.45, 0.55, 0.64, 0.73, -1.0, -1.0]
Sizes:  [0, 1299, 2492, 1908, 1377, 948, 631, 102, 0, 0]
dev ECE:  1.675939346970096
test spans scored
test set
EM:  0.3407202216066482
Acc:  [-1.0, 0.14, 0.23, 0.35, 0.51, 0.61, 0.67, 0.9, -1.0, -1.0]
Conf:  [-1.0, 0.17, 0.25, 0.35, 0.45, 0.55, 0.64, 0.73, -1.0, -1.0]
Sizes:  [0, 669, 1129, 799, 474, 292, 216, 31, 0, 0]
test ECE:  2.6915747121336726
#questions with ZERO correct spans:  1227
Acc:  [-1.0, 0.0, 0.0, 0.0, 0.0, 0.0, 0.0, 0.0, -1.0, -1.0]
Conf:  [-1.0, 0.17, 0.25, 0.34, 0.45, 0.54, 0.64, 0.73, -1.0, -1.0]
Sizes:  [0, 321, 441, 255, 114, 64, 29, 3, 0, 0]
test ZERO correct subset ECE:  29.020335090567983
#questions with ONE correct spans:  590
Acc:  [-1.0, 0.19, 0.21, 0.33, 0.56, 0.78, 0.67, 1.0, -1.0, -1.0]
Conf:  [-1.0, 0.17, 0.25, 0.35, 0.45, 0.55, 0.65, 0.73, -1.0, -1.0]
Sizes:  [0, 86, 183, 119, 102, 46, 45, 9, 0, 0]
test ONE correct subset ECE:  6.2011437019275535
#questions with > 1 correct spans:  1793
Acc:  [-1.0, 0.31, 0.44, 0.57, 0.72, 0.77, 0.8, 1.0, -1.0, -1.0]
Conf:  [-1.0, 0.17, 0.25, 0.34, 0.45, 0.55, 0.64, 0.73, -1.0, -1.0]
Sizes:  [0, 262, 505, 425, 258, 182, 142, 19, 0, 0]
test > 1 correct subset ECE:  20.4262125850386


Hyper-params: score_func: 2, answer_agg: True, prob: softmax, calibrator: NO
dev set loaded
test set loaded
dev spans scored
answer aggregation on dev set done
test spans scored
answer aggregation on test set done
dev set
EM:  0.33504624871531347
Acc:  [-1.0, 0.08, 0.05, 0.07, 0.09, 0.18, 0.19, 0.21, 0.25, 0.42]
Conf:  [-1.0, 0.18, 0.26, 0.36, 0.46, 0.55, 0.65, 0.75, 0.85, 0.99]
Sizes:  [0, 13, 82, 179, 340, 533, 578, 563, 779, 5690]
dev ECE:  53.37878850725233
test set
EM:  0.3382271468144044
Acc:  [-1.0, 0.0, 0.09, 0.09, 0.17, 0.17, 0.14, 0.23, 0.23, 0.43]
Conf:  [-1.0, 0.17, 0.25, 0.36, 0.45, 0.55, 0.65, 0.75, 0.85, 0.98]
Sizes:  [0, 3, 22, 89, 139, 257, 241, 291, 337, 2231]
test ECE:  52.00923869920487
#questions with ZERO correct spans:  1227
Acc:  [-1.0, 0.0, 0.0, 0.0, 0.0, 0.0, 0.0, 0.0, 0.0, 0.0]
Conf:  [-1.0, 0.17, 0.25, 0.36, 0.46, 0.55, 0.65, 0.75, 0.85, 0.98]
Sizes:  [0, 3, 16, 51, 60, 115, 95, 108, 137, 642]
test ZERO correct subset ECE:  81.64291224094885
#questions with ONE correct spans:  590
Acc:  [-1.0, -1.0, 0.5, 0.08, 0.18, 0.23, 0.13, 0.37, 0.21, 0.46]
Conf:  [-1.0, -1.0, 0.26, 0.35, 0.46, 0.54, 0.66, 0.75, 0.85, 0.98]
Sizes:  [0, 0, 4, 12, 17, 35, 38, 41, 58, 385]
test ONE correct subset ECE:  50.05962997784239
#questions with > 1 correct spans:  1793
Acc:  [-1.0, -1.0, 0.0, 0.27, 0.32, 0.33, 0.26, 0.37, 0.46, 0.66]
Conf:  [-1.0, -1.0, 0.28, 0.36, 0.45, 0.55, 0.65, 0.75, 0.85, 0.99]
Sizes:  [0, 0, 2, 26, 62, 107, 108, 142, 142, 1204]
test > 1 correct subset ECE:  32.48047641143857


Hyper-params: score_func: 2, answer_agg: True, prob: softmax, calibrator: TS
best temp:  7.24
dev spans scored
answer aggregation on dev set done
dev set
EM:  0.33504624871531347
Acc:  [-1.0, 0.11, 0.22, 0.35, 0.45, 0.57, 0.45, 0.44, 0.51, 0.65]
Conf:  [-1.0, 0.17, 0.25, 0.35, 0.45, 0.54, 0.64, 0.75, 0.85, 0.95]
Sizes:  [0, 1231, 2377, 1977, 1414, 820, 312, 211, 181, 234]
dev ECE:  4.846802342900655
test spans scored
answer aggregation on test set done
test set
EM:  0.3382271468144044
Acc:  [-1.0, 0.12, 0.24, 0.38, 0.51, 0.55, 0.54, 0.45, 0.5, 0.66]
Conf:  [-1.0, 0.17, 0.25, 0.35, 0.45, 0.55, 0.64, 0.75, 0.85, 0.95]
Sizes:  [0, 651, 1077, 776, 470, 296, 122, 69, 64, 85]
test ECE:  4.878290568991321
#questions with ZERO correct spans:  1227
Acc:  [-1.0, 0.0, 0.0, 0.0, 0.0, 0.0, 0.0, 0.0, 0.0, 0.0]
Conf:  [-1.0, 0.17, 0.25, 0.34, 0.44, 0.54, 0.63, 0.75, 0.84, 0.95]
Sizes:  [0, 327, 420, 224, 114, 69, 31, 21, 15, 6]
test ZERO correct subset ECE:  30.640434758275344
#questions with ONE correct spans:  590
Acc:  [-1.0, 0.23, 0.25, 0.41, 0.6, 0.67, 0.58, 0.0, 0.0, 0.0]
Conf:  [-1.0, 0.17, 0.24, 0.35, 0.44, 0.55, 0.63, 0.75, 0.85, 0.96]
Sizes:  [0, 91, 179, 149, 85, 51, 19, 5, 6, 5]
test ONE correct subset ECE:  8.446457770791007
#questions with > 1 correct spans:  1793
Acc:  [-1.0, 0.26, 0.45, 0.58, 0.7, 0.73, 0.76, 0.72, 0.74, 0.76]
Conf:  [-1.0, 0.17, 0.25, 0.35, 0.45, 0.55, 0.64, 0.75, 0.86, 0.95]
Sizes:  [0, 233, 478, 403, 271, 176, 72, 43, 43, 74]
test > 1 correct subset ECE:  18.76935942856985


