Hyper-params: score_func: 1, answer_agg: False, prob: softmax, calibrator: NO
dev set loaded
test set loaded
dev spans scored
test spans scored
dev set
EM:  0.3104944615735983
Acc:  [0.09, 0.16, 0.21, 0.26, 0.29, 0.36, 0.37, 0.36, 0.38, 0.48]
Conf:  [0.08, 0.16, 0.25, 0.35, 0.45, 0.55, 0.65, 0.75, 0.85, 0.95]
Sizes:  [23, 454, 1260, 1542, 1433, 1162, 840, 707, 596, 740]
dev ECE:  20.336672237689562
test set
EM:  0.3002770083102493
Acc:  [0.1, 0.14, 0.2, 0.25, 0.31, 0.33, 0.35, 0.37, 0.38, 0.5]
Conf:  [0.08, 0.16, 0.25, 0.35, 0.45, 0.55, 0.65, 0.75, 0.85, 0.95]
Sizes:  [10, 228, 578, 634, 544, 497, 350, 271, 247, 251]
test ECE:  19.888434405814948
#questions with ZERO correct spans:  1227
Acc:  [0.0, 0.0, 0.0, 0.0, 0.0, 0.0, 0.0, 0.0, 0.0, 0.0]
Conf:  [0.08, 0.16, 0.25, 0.35, 0.45, 0.55, 0.65, 0.75, 0.85, 0.94]
Sizes:  [6, 107, 240, 219, 168, 150, 94, 86, 85, 72]
test ZERO correct subset ECE:  47.02566840050532
#questions with ONE correct spans:  590
Acc:  [-1.0, 0.1, 0.19, 0.18, 0.21, 0.21, 0.32, 0.4, 0.5, 0.71]
Conf:  [-1.0, 0.15, 0.25, 0.35, 0.45, 0.55, 0.65, 0.75, 0.86, 0.96]
Sizes:  [0, 29, 63, 92, 86, 73, 62, 55, 50, 80]
test ONE correct subset ECE:  24.30900591932567
#questions with > 1 correct spans:  1793
Acc:  [0.25, 0.33, 0.39, 0.44, 0.52, 0.54, 0.54, 0.59, 0.61, 0.69]
Conf:  [0.08, 0.16, 0.26, 0.35, 0.45, 0.55, 0.65, 0.75, 0.85, 0.95]
Sizes:  [4, 92, 275, 323, 290, 274, 194, 130, 112, 99]
test > 1 correct subset ECE:  11.069930292189694


Hyper-params: score_func: 1, answer_agg: False, prob: softmax, calibrator: TS
best temp:  1.77
dev spans scored
dev set
EM:  0.3104944615735983
Acc:  [0.1, 0.2, 0.29, 0.34, 0.43, 0.45, 0.49, 0.53, 0.58, 0.59]
Conf:  [0.08, 0.15, 0.25, 0.35, 0.44, 0.54, 0.64, 0.74, 0.84, 0.94]
Sizes:  [380, 2403, 2228, 1504, 980, 508, 376, 205, 124, 49]
dev ECE:  4.874287139557862
test spans scored
test set
EM:  0.3002770083102493
Acc:  [0.08, 0.2, 0.27, 0.39, 0.39, 0.46, 0.45, 0.56, 0.66, 0.77]
Conf:  [0.08, 0.15, 0.25, 0.35, 0.45, 0.55, 0.65, 0.74, 0.85, 0.93]
Sizes:  [204, 1077, 916, 593, 365, 208, 118, 84, 32, 13]
test ECE:  5.099533924852332
#questions with ZERO correct spans:  1227
Acc:  [0.0, 0.0, 0.0, 0.0, 0.0, 0.0, 0.0, 0.0, 0.0, 0.0]
Conf:  [0.08, 0.15, 0.25, 0.35, 0.45, 0.55, 0.64, 0.74, 0.87, 0.95]
Sizes:  [109, 431, 299, 160, 104, 65, 34, 19, 4, 2]
test ZERO correct subset ECE:  26.50806848437205
#questions with ONE correct spans:  590
Acc:  [0.04, 0.18, 0.21, 0.32, 0.4, 0.57, 0.56, 0.67, 0.87, 0.83]
Conf:  [0.08, 0.16, 0.25, 0.35, 0.44, 0.56, 0.66, 0.75, 0.85, 0.93]
Sizes:  [28, 137, 145, 99, 62, 40, 34, 24, 15, 6]
test ONE correct subset ECE:  3.404972727980139
#questions with > 1 correct spans:  1793
Acc:  [0.24, 0.38, 0.47, 0.59, 0.6, 0.71, 0.68, 0.76, 0.62, 1.0]
Conf:  [0.08, 0.15, 0.25, 0.35, 0.45, 0.54, 0.64, 0.74, 0.84, 0.93]
Sizes:  [67, 509, 472, 334, 199, 103, 50, 41, 13, 5]
test > 1 correct subset ECE:  20.197749867510563


Hyper-params: score_func: 1, answer_agg: True, prob: softmax, calibrator: NO
dev set loaded
test set loaded
dev spans scored
answer aggregation on dev set done
test spans scored
answer aggregation on test set done
dev set
EM:  0.27852004110996914
Acc:  [-1.0, 0.03, 0.07, 0.07, 0.1, 0.12, 0.15, 0.13, 0.16, 0.33]
Conf:  [-1.0, 0.16, 0.25, 0.36, 0.45, 0.55, 0.65, 0.75, 0.85, 0.99]
Sizes:  [0, 35, 104, 159, 282, 403, 389, 447, 537, 6401]
dev ECE:  61.52301868925603
test set
EM:  0.2883656509695291
Acc:  [-1.0, 0.0, 0.06, 0.06, 0.07, 0.12, 0.13, 0.13, 0.16, 0.36]
Conf:  [-1.0, 0.17, 0.26, 0.35, 0.45, 0.55, 0.65, 0.75, 0.85, 0.99]
Sizes:  [0, 20, 49, 80, 112, 205, 171, 193, 243, 2537]
test ECE:  59.39677512291654
#questions with ZERO correct spans:  1227
Acc:  [-1.0, 0.0, 0.0, 0.0, 0.0, 0.0, 0.0, 0.0, 0.0, 0.0]
Conf:  [-1.0, 0.17, 0.26, 0.35, 0.45, 0.55, 0.65, 0.75, 0.85, 0.99]
Sizes:  [0, 18, 30, 48, 60, 100, 79, 88, 99, 705]
test ZERO correct subset ECE:  82.10655796431799
#questions with ONE correct spans:  590
Acc:  [-1.0, 0.0, 0.13, 0.18, 0.07, 0.14, 0.19, 0.14, 0.2, 0.05]
Conf:  [-1.0, 0.16, 0.25, 0.35, 0.45, 0.55, 0.66, 0.75, 0.86, 0.99]
Sizes:  [0, 1, 15, 22, 27, 44, 32, 35, 56, 358]
test ONE correct subset ECE:  75.02662766503867
#questions with > 1 correct spans:  1793
Acc:  [-1.0, 0.0, 0.25, 0.1, 0.24, 0.31, 0.28, 0.29, 0.33, 0.61]
Conf:  [-1.0, 0.19, 0.26, 0.36, 0.46, 0.55, 0.65, 0.75, 0.85, 0.99]
Sizes:  [0, 1, 4, 10, 25, 61, 60, 70, 88, 1474]
test > 1 correct subset ECE:  38.71271681491228


Hyper-params: score_func: 1, answer_agg: True, prob: softmax, calibrator: TS
best temp:  9.6
dev spans scored
answer aggregation on dev set done
dev set
EM:  0.27852004110996914
Acc:  [0.14, 0.25, 0.31, 0.34, 0.42, 0.38, 0.42, 0.42, 0.51, 0.59]
Conf:  [0.06, 0.14, 0.25, 0.35, 0.45, 0.55, 0.65, 0.75, 0.85, 0.97]
Sizes:  [3255, 1809, 907, 545, 418, 333, 283, 255, 294, 658]
dev ECE:  12.35099092404687
test spans scored
answer aggregation on test set done
test set
EM:  0.2883656509695291
Acc:  [0.14, 0.29, 0.33, 0.34, 0.35, 0.47, 0.53, 0.4, 0.63, 0.63]
Conf:  [0.05, 0.14, 0.25, 0.35, 0.45, 0.55, 0.65, 0.75, 0.85, 0.97]
Sizes:  [1515, 675, 324, 225, 172, 121, 123, 92, 103, 260]
test ECE:  12.324624200534958
#questions with ZERO correct spans:  1227
Acc:  [0.0, 0.0, 0.0, 0.0, 0.0, 0.0, 0.0, 0.0, 0.0, 0.0]
Conf:  [0.05, 0.14, 0.24, 0.34, 0.45, 0.55, 0.65, 0.75, 0.85, 0.96]
Sizes:  [746, 206, 77, 61, 38, 18, 18, 17, 16, 30]
test ZERO correct subset ECE:  16.227370385785065
#questions with ONE correct spans:  590
Acc:  [0.15, 0.0, 0.0, 0.0, 0.0, 0.0, 0.0, 0.0, 0.0, 0.0]
Conf:  [0.05, 0.14, 0.25, 0.35, 0.44, 0.56, 0.64, 0.75, 0.84, 0.95]
Sizes:  [359, 95, 44, 25, 9, 8, 12, 10, 6, 22]
test ONE correct subset ECE:  19.888742696165323
#questions with > 1 correct spans:  1793
Acc:  [0.39, 0.53, 0.52, 0.55, 0.48, 0.6, 0.7, 0.57, 0.8, 0.79]
Conf:  [0.06, 0.15, 0.25, 0.35, 0.44, 0.55, 0.65, 0.75, 0.85, 0.97]
Sizes:  [410, 374, 203, 139, 125, 95, 93, 65, 81, 208]
test > 1 correct subset ECE:  23.791676120844922


Hyper-params: score_func: 1, answer_agg: False, prob: sigmoid, calibrator: NO
dev set loaded
test set loaded
dev spans scored
test spans scored
dev set
EM:  0.3104944615735983
Acc:  [0.0, -1.0, -1.0, 0.0, 0.0, 0.0, 0.14, 0.17, 0.05, 0.31]
Conf:  [0.09, -1.0, -1.0, 0.32, 0.45, 0.53, 0.63, 0.76, 0.86, 1.0]
Sizes:  [1, 0, 0, 1, 1, 5, 7, 6, 22, 8714]
dev ECE:  68.74469694606603
test set
EM:  0.3002770083102493
Acc:  [-1.0, -1.0, 0.0, -1.0, 0.0, 0.0, 0.0, 0.0, 0.07, 0.3]
Conf:  [-1.0, -1.0, 0.28, -1.0, 0.45, 0.54, 0.66, 0.76, 0.84, 1.0]
Sizes:  [0, 0, 2, 0, 4, 1, 7, 4, 14, 3578]
test ECE:  69.6148965016974
#questions with ZERO correct spans:  1227
Acc:  [-1.0, -1.0, 0.0, -1.0, 0.0, 0.0, 0.0, 0.0, 0.0, 0.0]
Conf:  [-1.0, -1.0, 0.28, -1.0, 0.46, 0.54, 0.65, 0.76, 0.85, 1.0]
Sizes:  [0, 0, 2, 0, 3, 1, 5, 4, 10, 1202]
test ZERO correct subset ECE:  99.17188225927576
#questions with ONE correct spans:  590
Acc:  [-1.0, -1.0, -1.0, -1.0, -1.0, -1.0, 0.0, -1.0, 0.0, 0.32]
Conf:  [-1.0, -1.0, -1.0, -1.0, -1.0, -1.0, 0.67, -1.0, 0.82, 1.0]
Sizes:  [0, 0, 0, 0, 0, 0, 2, 0, 2, 586]
test ONE correct subset ECE:  67.73951835348181
#questions with > 1 correct spans:  1793
Acc:  [-1.0, -1.0, -1.0, -1.0, 0.0, -1.0, -1.0, -1.0, 0.5, 0.5]
Conf:  [-1.0, -1.0, -1.0, -1.0, 0.44, -1.0, -1.0, -1.0, 0.83, 1.0]
Sizes:  [0, 0, 0, 0, 1, 0, 0, 0, 2, 1790]
test > 1 correct subset ECE:  50.005332409616265


Hyper-params: score_func: 1, answer_agg: False, prob: sigmoid, calibrator: TS
best temp:  10.0
dev spans scored
dev set
EM:  0.3104944615735983
Acc:  [-1.0, -1.0, -1.0, -1.0, 0.0, 0.07, 0.11, 0.28, 0.5, -1.0]
Conf:  [-1.0, -1.0, -1.0, -1.0, 0.47, 0.57, 0.67, 0.76, 0.82, -1.0]
Sizes:  [0, 0, 0, 0, 3, 137, 1084, 5437, 2096, 0]
dev ECE:  44.77515492822711
test spans scored
test set
EM:  0.3002770083102493
Acc:  [-1.0, -1.0, -1.0, -1.0, 0.0, 0.03, 0.13, 0.29, 0.5, -1.0]
Conf:  [-1.0, -1.0, -1.0, -1.0, 0.49, 0.56, 0.67, 0.76, 0.82, -1.0]
Sizes:  [0, 0, 0, 0, 6, 75, 579, 2217, 733, 0]
test ECE:  44.98269661717727
#questions with ZERO correct spans:  1227
Acc:  [-1.0, -1.0, -1.0, -1.0, 0.0, 0.0, 0.0, 0.0, 0.0, -1.0]
Conf:  [-1.0, -1.0, -1.0, -1.0, 0.49, 0.57, 0.66, 0.75, 0.82, -1.0]
Sizes:  [0, 0, 0, 0, 5, 61, 317, 714, 130, 0]
test ZERO correct subset ECE:  72.45195735253846
#questions with ONE correct spans:  590
Acc:  [-1.0, -1.0, -1.0, -1.0, -1.0, 0.12, 0.2, 0.29, 0.54, -1.0]
Conf:  [-1.0, -1.0, -1.0, -1.0, -1.0, 0.55, 0.67, 0.76, 0.82, -1.0]
Sizes:  [0, 0, 0, 0, 0, 8, 93, 383, 106, 0]
test ONE correct subset ECE:  43.06562948842745
#questions with > 1 correct spans:  1793
Acc:  [-1.0, -1.0, -1.0, -1.0, 0.0, 0.17, 0.33, 0.47, 0.63, -1.0]
Conf:  [-1.0, -1.0, -1.0, -1.0, 0.49, 0.57, 0.67, 0.76, 0.82, -1.0]
Sizes:  [0, 0, 0, 0, 1, 6, 169, 1120, 497, 0]
test > 1 correct subset ECE:  26.815539162450108


Hyper-params: score_func: 1, answer_agg: True, prob: sigmoid, calibrator: NO
dev set loaded
test set loaded
dev spans scored
answer aggregation on dev set done
test spans scored
answer aggregation on test set done
dev set
EM:  0.284914925202695
Acc:  [0.0, -1.0, 0.0, 0.0, 0.0, 0.0, 0.0, 0.09, 0.05, 0.29]
Conf:  [0.09, -1.0, 0.25, 0.31, 0.41, 0.57, 0.64, 0.76, 0.87, 1.0]
Sizes:  [1, 0, 4, 2, 3, 5, 6, 11, 19, 8706]
dev ECE:  71.27035009838453
test set
EM:  0.29085872576177285
Acc:  [-1.0, 0.5, 0.0, -1.0, 0.0, 0.0, 0.0, 0.14, 0.0, 0.29]
Conf:  [-1.0, 0.12, 0.23, -1.0, 0.46, 0.55, 0.67, 0.77, 0.85, 1.0]
Sizes:  [0, 2, 2, 0, 3, 2, 7, 7, 12, 3575]
test ECE:  70.57973653747001
#questions with ZERO correct spans:  1227
Acc:  [-1.0, 0.0, 0.0, -1.0, 0.0, 0.0, 0.0, 0.0, 0.0, 0.0]
Conf:  [-1.0, 0.12, 0.23, -1.0, 0.46, 0.55, 0.66, 0.77, 0.85, 1.0]
Sizes:  [0, 1, 2, 0, 3, 2, 5, 5, 9, 1200]
test ZERO correct subset ECE:  99.12498375500651
#questions with ONE correct spans:  590
Acc:  [-1.0, -1.0, -1.0, -1.0, -1.0, -1.0, 0.0, -1.0, 0.0, 0.09]
Conf:  [-1.0, -1.0, -1.0, -1.0, -1.0, -1.0, 0.67, -1.0, 0.84, 1.0]
Sizes:  [0, 0, 0, 0, 0, 0, 2, 0, 3, 585]
test ONE correct subset ECE:  90.62358677983022
#questions with > 1 correct spans:  1793
Acc:  [-1.0, 1.0, -1.0, -1.0, -1.0, -1.0, -1.0, 0.5, -1.0, 0.56]
Conf:  [-1.0, 0.11, -1.0, -1.0, -1.0, -1.0, -1.0, 0.77, -1.0, 1.0]
Sizes:  [0, 1, 0, 0, 0, 0, 0, 2, 0, 1790]
test > 1 correct subset ECE:  44.463649680819074


Hyper-params: score_func: 1, answer_agg: True, prob: sigmoid, calibrator: TS
best temp:  10.0
dev spans scored
answer aggregation on dev set done
dev set
EM:  0.27852004110996914
Acc:  [-1.0, -1.0, -1.0, -1.0, 0.0, 0.04, 0.08, 0.16, 0.16, 0.36]
Conf:  [-1.0, -1.0, -1.0, -1.0, 0.48, 0.56, 0.66, 0.76, 0.85, 0.97]
Sizes:  [0, 0, 0, 0, 10, 114, 340, 976, 1816, 5501]
dev ECE:  62.334752846361454
test spans scored
answer aggregation on test set done
test set
EM:  0.2883656509695291
Acc:  [-1.0, -1.0, -1.0, -1.0, 0.14, 0.03, 0.06, 0.15, 0.18, 0.39]
Conf:  [-1.0, -1.0, -1.0, -1.0, 0.48, 0.56, 0.66, 0.76, 0.85, 0.97]
Sizes:  [0, 0, 0, 0, 7, 64, 189, 475, 765, 2110]
test ECE:  60.24643571004321
#questions with ZERO correct spans:  1227
Acc:  [-1.0, -1.0, -1.0, -1.0, 0.0, 0.0, 0.0, 0.0, 0.0, 0.0]
Conf:  [-1.0, -1.0, -1.0, -1.0, 0.48, 0.56, 0.66, 0.76, 0.85, 0.96]
Sizes:  [0, 0, 0, 0, 6, 52, 122, 237, 322, 488]
test ZERO correct subset ECE:  84.23832374962474
#questions with ONE correct spans:  590
Acc:  [-1.0, -1.0, -1.0, -1.0, -1.0, 0.12, 0.17, 0.26, 0.08, 0.0]
Conf:  [-1.0, -1.0, -1.0, -1.0, -1.0, 0.55, 0.67, 0.76, 0.85, 0.96]
Sizes:  [0, 0, 0, 0, 0, 8, 35, 123, 189, 235]
test ONE correct subset ECE:  76.67617484634069
#questions with > 1 correct spans:  1793
Acc:  [-1.0, -1.0, -1.0, -1.0, 1.0, 0.25, 0.19, 0.34, 0.48, 0.59]
Conf:  [-1.0, -1.0, -1.0, -1.0, 0.45, 0.55, 0.67, 0.75, 0.86, 0.97]
Sizes:  [0, 0, 0, 0, 1, 4, 32, 115, 254, 1387]
test > 1 correct subset ECE:  38.48326279358672


Hyper-params: score_func: 2, answer_agg: False, prob: softmax, calibrator: NO
dev set loaded
test set loaded
dev spans scored
test spans scored
dev set
EM:  0.3417837158844353
Acc:  [0.0, 0.12, 0.17, 0.21, 0.29, 0.36, 0.35, 0.4, 0.39, 0.49]
Conf:  [0.09, 0.17, 0.26, 0.35, 0.45, 0.55, 0.65, 0.75, 0.85, 0.97]
Sizes:  [15, 215, 662, 1038, 1170, 1180, 1034, 869, 935, 1639]
dev ECE:  27.975144086585722
test set
EM:  0.3285318559556787
Acc:  [0.0, 0.09, 0.18, 0.21, 0.27, 0.34, 0.34, 0.36, 0.38, 0.53]
Conf:  [0.09, 0.16, 0.26, 0.35, 0.45, 0.55, 0.65, 0.75, 0.85, 0.96]
Sizes:  [3, 118, 302, 496, 519, 466, 398, 348, 350, 610]
test ECE:  27.09033337791783
#questions with ZERO correct spans:  1227
Acc:  [0.0, 0.0, 0.0, 0.0, 0.0, 0.0, 0.0, 0.0, 0.0, 0.0]
Conf:  [0.09, 0.16, 0.25, 0.35, 0.45, 0.55, 0.65, 0.75, 0.85, 0.96]
Sizes:  [2, 67, 132, 195, 185, 142, 126, 106, 113, 159]
test ZERO correct subset ECE:  55.646265425037654
#questions with ONE correct spans:  590
Acc:  [-1.0, 0.12, 0.15, 0.17, 0.15, 0.24, 0.25, 0.33, 0.36, 0.7]
Conf:  [-1.0, 0.16, 0.25, 0.35, 0.45, 0.55, 0.65, 0.75, 0.85, 0.97]
Sizes:  [0, 17, 26, 72, 68, 63, 57, 52, 59, 176]
test ONE correct subset ECE:  30.15878859332269
#questions with > 1 correct spans:  1793
Acc:  [0.0, 0.26, 0.34, 0.41, 0.48, 0.56, 0.57, 0.58, 0.63, 0.72]
Conf:  [0.09, 0.17, 0.26, 0.35, 0.45, 0.55, 0.65, 0.75, 0.85, 0.96]
Sizes:  [1, 34, 144, 229, 266, 261, 215, 190, 178, 275]
test > 1 correct subset ECE:  10.78795184893917


Hyper-params: score_func: 2, answer_agg: False, prob: softmax, calibrator: TS
best temp:  2.2
dev spans scored
dev set
EM:  0.3417837158844353
Acc:  [0.1, 0.19, 0.27, 0.36, 0.45, 0.5, 0.56, 0.53, 0.58, 0.77]
Conf:  [0.08, 0.15, 0.25, 0.35, 0.45, 0.54, 0.65, 0.75, 0.85, 0.94]
Sizes:  [436, 2078, 1914, 1391, 1026, 704, 461, 314, 260, 173]
dev ECE:  4.711793839676007
test spans scored
test set
EM:  0.3285318559556787
Acc:  [0.08, 0.18, 0.28, 0.38, 0.46, 0.52, 0.49, 0.62, 0.71, 0.81]
Conf:  [0.08, 0.15, 0.25, 0.34, 0.45, 0.54, 0.65, 0.75, 0.85, 0.95]
Sizes:  [238, 996, 813, 520, 370, 250, 166, 108, 92, 57]
test ECE:  4.035989435695023
#questions with ZERO correct spans:  1227
Acc:  [0.0, 0.0, 0.0, 0.0, 0.0, 0.0, 0.0, 0.0, 0.0, 0.0]
Conf:  [0.08, 0.15, 0.25, 0.34, 0.45, 0.55, 0.64, 0.75, 0.85, 0.94]
Sizes:  [134, 399, 293, 154, 97, 64, 41, 22, 16, 7]
test ZERO correct subset ECE:  27.42185595755533
#questions with ONE correct spans:  590
Acc:  [0.06, 0.15, 0.19, 0.38, 0.39, 0.57, 0.44, 0.71, 0.91, 0.91]
Conf:  [0.08, 0.16, 0.25, 0.35, 0.45, 0.55, 0.65, 0.74, 0.85, 0.95]
Sizes:  [31, 134, 116, 76, 54, 44, 34, 34, 33, 34]
test ONE correct subset ECE:  4.545711515436983
#questions with > 1 correct spans:  1793
Acc:  [0.23, 0.35, 0.5, 0.59, 0.68, 0.75, 0.73, 0.83, 0.81, 0.94]
Conf:  [0.08, 0.15, 0.25, 0.34, 0.45, 0.54, 0.65, 0.75, 0.85, 0.94]
Sizes:  [73, 463, 404, 290, 219, 142, 91, 52, 43, 16]
test > 1 correct subset ECE:  20.55406768453352


Hyper-params: score_func: 2, answer_agg: True, prob: softmax, calibrator: NO
dev set loaded
test set loaded
dev spans scored
answer aggregation on dev set done
test spans scored
answer aggregation on test set done
dev set
EM:  0.30741121388603404
Acc:  [0.0, 0.06, 0.0, 0.07, 0.09, 0.12, 0.12, 0.16, 0.18, 0.37]
Conf:  [0.1, 0.17, 0.25, 0.35, 0.46, 0.55, 0.65, 0.75, 0.85, 0.99]
Sizes:  [1, 36, 98, 165, 233, 423, 373, 388, 510, 6530]
dev ECE:  59.14917494124854
test set
EM:  0.3157894736842105
Acc:  [-1.0, 0.07, 0.11, 0.04, 0.11, 0.1, 0.13, 0.15, 0.15, 0.39]
Conf:  [-1.0, 0.17, 0.26, 0.36, 0.45, 0.55, 0.65, 0.75, 0.85, 0.99]
Sizes:  [0, 14, 47, 92, 110, 172, 183, 187, 211, 2594]
test ECE:  57.108216156988355
#questions with ZERO correct spans:  1227
Acc:  [-1.0, 0.0, 0.0, 0.0, 0.0, 0.0, 0.0, 0.0, 0.0, 0.0]
Conf:  [-1.0, 0.17, 0.25, 0.36, 0.45, 0.55, 0.65, 0.75, 0.85, 0.99]
Sizes:  [0, 12, 31, 63, 62, 81, 98, 82, 93, 705]
test ZERO correct subset ECE:  81.85468802636396
#questions with ONE correct spans:  590
Acc:  [-1.0, 0.5, 0.27, 0.13, 0.25, 0.12, 0.17, 0.21, 0.15, 0.18]
Conf:  [-1.0, 0.16, 0.27, 0.35, 0.46, 0.55, 0.64, 0.75, 0.86, 0.99]
Sizes:  [0, 2, 11, 15, 28, 41, 30, 42, 46, 375]
test ONE correct subset ECE:  67.94886538703888
#questions with > 1 correct spans:  1793
Acc:  [-1.0, -1.0, 0.4, 0.14, 0.25, 0.26, 0.33, 0.3, 0.35, 0.63]
Conf:  [-1.0, -1.0, 0.26, 0.35, 0.46, 0.55, 0.66, 0.75, 0.85, 0.99]
Sizes:  [0, 0, 5, 14, 20, 50, 55, 63, 72, 1514]
test > 1 correct subset ECE:  36.76571119243469


Hyper-params: score_func: 2, answer_agg: True, prob: softmax, calibrator: TS
best temp:  9.77
dev spans scored
answer aggregation on dev set done
dev set
EM:  0.30741121388603404
Acc:  [0.14, 0.25, 0.32, 0.35, 0.44, 0.41, 0.47, 0.49, 0.46, 0.6]
Conf:  [0.06, 0.14, 0.25, 0.35, 0.45, 0.55, 0.65, 0.75, 0.85, 0.97]
Sizes:  [2956, 1550, 857, 613, 466, 375, 318, 320, 345, 957]
dev ECE:  13.24528300165791
test spans scored
answer aggregation on test set done
test set
EM:  0.3157894736842105
Acc:  [0.14, 0.29, 0.38, 0.38, 0.47, 0.41, 0.49, 0.5, 0.48, 0.68]
Conf:  [0.05, 0.14, 0.25, 0.35, 0.45, 0.55, 0.65, 0.75, 0.85, 0.97]
Sizes:  [1418, 565, 320, 255, 167, 142, 132, 125, 143, 343]
test ECE:  13.290958354601578
#questions with ZERO correct spans:  1227
Acc:  [0.0, 0.0, 0.0, 0.0, 0.0, 0.0, 0.0, 0.0, 0.0, 0.0]
Conf:  [0.05, 0.14, 0.25, 0.34, 0.45, 0.54, 0.65, 0.76, 0.84, 0.97]
Sizes:  [754, 182, 69, 65, 30, 23, 24, 18, 23, 39]
test ZERO correct subset ECE:  17.47421185132179
#questions with ONE correct spans:  590
Acc:  [0.27, 0.14, 0.0, 0.0, 0.0, 0.0, 0.0, 0.0, 0.0, 0.0]
Conf:  [0.06, 0.14, 0.24, 0.34, 0.44, 0.55, 0.64, 0.74, 0.86, 0.97]
Sizes:  [335, 101, 43, 29, 13, 10, 11, 11, 13, 24]
test ONE correct subset ECE:  25.881877215795924
#questions with > 1 correct spans:  1793
Acc:  [0.32, 0.52, 0.58, 0.6, 0.63, 0.53, 0.67, 0.66, 0.64, 0.83]
Conf:  [0.06, 0.15, 0.25, 0.35, 0.45, 0.55, 0.65, 0.75, 0.85, 0.97]
Sizes:  [329, 282, 208, 161, 124, 109, 97, 96, 107, 280]
test > 1 correct subset ECE:  22.282800151650836


Hyper-params: score_func: 2, answer_agg: False, prob: sigmoid, calibrator: NO
dev set loaded
test set loaded
dev spans scored
test spans scored
dev set
EM:  0.3417837158844353
Acc:  [0.0, 0.08, 0.11, 0.0, 0.0, 0.0, 0.06, 0.0, 0.05, 0.35]
Conf:  [0.05, 0.16, 0.25, 0.33, 0.45, 0.54, 0.65, 0.76, 0.86, 1.0]
Sizes:  [14, 13, 9, 8, 6, 6, 18, 21, 43, 8619]
dev ECE:  65.0578780195126
test set
EM:  0.3285318559556787
Acc:  [0.0, 0.0, 0.12, 0.0, 0.0, 0.0, 0.11, 0.0, 0.18, 0.33]
Conf:  [0.06, 0.15, 0.25, 0.36, 0.42, 0.53, 0.66, 0.76, 0.85, 1.0]
Sizes:  [9, 8, 8, 5, 1, 2, 9, 12, 11, 3545]
test ECE:  66.07561239092247
#questions with ZERO correct spans:  1227
Acc:  [0.0, 0.0, 0.0, 0.0, 0.0, 0.0, 0.0, 0.0, 0.0, 0.0]
Conf:  [0.05, 0.14, 0.25, 0.36, 0.42, 0.52, 0.65, 0.76, 0.85, 1.0]
Sizes:  [7, 6, 7, 5, 1, 1, 6, 11, 7, 1176]
test ZERO correct subset ECE:  97.46868199968036
#questions with ONE correct spans:  590
Acc:  [0.0, 0.0, -1.0, -1.0, -1.0, 0.0, 0.0, 0.0, 0.5, 0.37]
Conf:  [0.1, 0.18, -1.0, -1.0, -1.0, 0.54, 0.68, 0.71, 0.87, 1.0]
Sizes:  [1, 2, 0, 0, 0, 1, 1, 1, 2, 582]
test ONE correct subset ECE:  62.17612257891908
#questions with > 1 correct spans:  1793
Acc:  [0.0, -1.0, 1.0, -1.0, -1.0, -1.0, 0.5, -1.0, 0.5, 0.54]
Conf:  [0.06, -1.0, 0.28, -1.0, -1.0, -1.0, 0.66, -1.0, 0.85, 1.0]
Sizes:  [1, 0, 1, 0, 0, 0, 2, 0, 2, 1787]
test > 1 correct subset ECE:  45.95597127377189


Hyper-params: score_func: 2, answer_agg: False, prob: sigmoid, calibrator: TS
best temp:  10.0
dev spans scored
dev set
EM:  0.3417837158844353
Acc:  [-1.0, -1.0, -1.0, 0.0, 0.04, 0.06, 0.09, 0.23, 0.46, 0.77]
Conf:  [-1.0, -1.0, -1.0, 0.37, 0.46, 0.56, 0.66, 0.76, 0.85, 0.91]
Sizes:  [0, 0, 0, 2, 48, 193, 944, 2953, 4297, 320]
dev ECE:  44.80354611502058
test spans scored
test set
EM:  0.3285318559556787
Acc:  [-1.0, -1.0, -1.0, 0.0, 0.03, 0.07, 0.09, 0.23, 0.48, 0.71]
Conf:  [-1.0, -1.0, -1.0, 0.39, 0.46, 0.56, 0.66, 0.76, 0.84, 0.91]
Sizes:  [0, 0, 0, 1, 30, 119, 475, 1287, 1603, 95]
test ECE:  44.93650104949797
#questions with ZERO correct spans:  1227
Acc:  [-1.0, -1.0, -1.0, 0.0, 0.0, 0.0, 0.0, 0.0, 0.0, 0.0]
Conf:  [-1.0, -1.0, -1.0, 0.39, 0.46, 0.57, 0.66, 0.75, 0.84, 0.91]
Sizes:  [0, 0, 0, 1, 25, 94, 285, 495, 324, 3]
test ZERO correct subset ECE:  73.3264535603859
#questions with ONE correct spans:  590
Acc:  [-1.0, -1.0, -1.0, -1.0, 0.0, 0.36, 0.17, 0.27, 0.49, 0.62]
Conf:  [-1.0, -1.0, -1.0, -1.0, 0.46, 0.56, 0.66, 0.76, 0.84, 0.91]
Sizes:  [0, 0, 0, 0, 3, 11, 69, 219, 272, 16]
test ONE correct subset ECE:  41.26405690686319
#questions with > 1 correct spans:  1793
Acc:  [-1.0, -1.0, -1.0, -1.0, 0.5, 0.29, 0.26, 0.41, 0.64, 0.75]
Conf:  [-1.0, -1.0, -1.0, -1.0, 0.45, 0.56, 0.66, 0.76, 0.85, 0.91]
Sizes:  [0, 0, 0, 0, 2, 14, 121, 573, 1007, 76]
test > 1 correct subset ECE:  26.726956723239166


Hyper-params: score_func: 2, answer_agg: True, prob: sigmoid, calibrator: NO
dev set loaded
test set loaded
dev spans scored
answer aggregation on dev set done
test spans scored
answer aggregation on test set done
dev set
EM:  0.3186022610483042
Acc:  [0.0, 0.0, 0.11, 0.0, 0.0, 0.0, 0.06, 0.04, 0.06, 0.32]
Conf:  [0.04, 0.14, 0.26, 0.33, 0.44, 0.55, 0.65, 0.76, 0.86, 1.0]
Sizes:  [25, 11, 9, 7, 14, 9, 17, 25, 33, 8607]
dev ECE:  67.23934864405427
test set
EM:  0.3224376731301939
Acc:  [0.0, 0.11, 0.0, 0.0, 0.0, 0.0, 0.0, 0.0, 0.08, 0.33]
Conf:  [0.05, 0.15, 0.26, 0.36, 0.44, 0.55, 0.65, 0.77, 0.85, 1.0]
Sizes:  [16, 9, 6, 6, 3, 4, 10, 9, 13, 3534]
test ECE:  66.50328805946094
#questions with ZERO correct spans:  1227
Acc:  [0.0, 0.0, 0.0, 0.0, 0.0, 0.0, 0.0, 0.0, 0.0, 0.0]
Conf:  [0.05, 0.16, 0.26, 0.36, 0.46, 0.56, 0.65, 0.77, 0.85, 1.0]
Sizes:  [13, 5, 6, 6, 2, 2, 8, 9, 8, 1168]
test ZERO correct subset ECE:  97.12292334636977
#questions with ONE correct spans:  590
Acc:  [0.0, 0.0, -1.0, -1.0, -1.0, 0.0, 0.0, -1.0, 0.33, 0.18]
Conf:  [0.1, 0.18, -1.0, -1.0, -1.0, 0.54, 0.68, -1.0, 0.84, 1.0]
Sizes:  [1, 2, 0, 0, 0, 1, 1, 0, 3, 582]
test ONE correct subset ECE:  81.51497011094551
#questions with > 1 correct spans:  1793
Acc:  [0.0, 0.5, -1.0, -1.0, 0.0, 0.0, 0.0, -1.0, 0.0, 0.59]
Conf:  [0.01, 0.12, -1.0, -1.0, 0.42, 0.51, 0.64, -1.0, 0.86, 1.0]
Sizes:  [2, 2, 0, 0, 1, 1, 1, 0, 2, 1784]
test > 1 correct subset ECE:  40.69501725634253


Hyper-params: score_func: 2, answer_agg: True, prob: sigmoid, calibrator: TS
best temp:  10.0
dev spans scored
answer aggregation on dev set done
dev set
EM:  0.30741121388603404
Acc:  [-1.0, -1.0, -1.0, 0.0, 0.02, 0.05, 0.08, 0.15, 0.21, 0.39]
Conf:  [-1.0, -1.0, -1.0, 0.38, 0.46, 0.56, 0.65, 0.76, 0.85, 0.97]
Sizes:  [0, 0, 0, 5, 61, 175, 410, 856, 1609, 5641]
dev ECE:  59.621952825337864
test spans scored
answer aggregation on test set done
test set
EM:  0.3157894736842105
Acc:  [-1.0, -1.0, -1.0, 0.0, 0.03, 0.05, 0.06, 0.13, 0.23, 0.42]
Conf:  [-1.0, -1.0, -1.0, 0.37, 0.46, 0.56, 0.65, 0.75, 0.85, 0.97]
Sizes:  [0, 0, 0, 3, 37, 91, 220, 436, 653, 2170]
test ECE:  57.36344765753546
#questions with ZERO correct spans:  1227
Acc:  [-1.0, -1.0, -1.0, 0.0, 0.0, 0.0, 0.0, 0.0, 0.0, 0.0]
Conf:  [-1.0, -1.0, -1.0, 0.37, 0.46, 0.56, 0.65, 0.75, 0.85, 0.97]
Sizes:  [0, 0, 0, 2, 30, 69, 149, 240, 260, 477]
test ZERO correct subset ECE:  82.46410058826027
#questions with ONE correct spans:  590
Acc:  [-1.0, -1.0, -1.0, -1.0, 0.0, 0.36, 0.22, 0.28, 0.31, 0.02]
Conf:  [-1.0, -1.0, -1.0, -1.0, 0.46, 0.56, 0.66, 0.76, 0.85, 0.96]
Sizes:  [0, 0, 0, 0, 3, 11, 32, 92, 205, 247]
test ONE correct subset ECE:  68.64014682290305
#questions with > 1 correct spans:  1793
Acc:  [-1.0, -1.0, -1.0, 0.0, 0.25, 0.09, 0.18, 0.31, 0.44, 0.63]
Conf:  [-1.0, -1.0, -1.0, 0.36, 0.45, 0.56, 0.65, 0.75, 0.86, 0.98]
Sizes:  [0, 0, 0, 1, 4, 11, 39, 104, 188, 1446]
test > 1 correct subset ECE:  36.47568767227821


Hyper-params: score_func: 3, answer_agg: False, prob: softmax, calibrator: NO
dev set loaded
test set loaded
dev spans scored
test spans scored
dev set
EM:  0.3417837158844353
Acc:  [0.34, -1.0, -1.0, -1.0, -1.0, -1.0, -1.0, -1.0, -1.0, -1.0]
Conf:  [0.01, -1.0, -1.0, -1.0, -1.0, -1.0, -1.0, -1.0, -1.0, -1.0]
Sizes:  [8757, 0, 0, 0, 0, 0, 0, 0, 0, 0]
dev ECE:  33.123987593632606
test set
EM:  0.3285318559556787
Acc:  [0.33, -1.0, -1.0, -1.0, -1.0, -1.0, -1.0, -1.0, -1.0, -1.0]
Conf:  [0.01, -1.0, -1.0, -1.0, -1.0, -1.0, -1.0, -1.0, -1.0, -1.0]
Sizes:  [3610, 0, 0, 0, 0, 0, 0, 0, 0, 0]
test ECE:  31.807531554216144
#questions with ZERO correct spans:  1227
Acc:  [0.0, -1.0, -1.0, -1.0, -1.0, -1.0, -1.0, -1.0, -1.0, -1.0]
Conf:  [0.01, -1.0, -1.0, -1.0, -1.0, -1.0, -1.0, -1.0, -1.0, -1.0]
Sizes:  [1227, 0, 0, 0, 0, 0, 0, 0, 0, 0]
test ZERO correct subset ECE:  1.029458980775298
#questions with ONE correct spans:  590
Acc:  [0.37, -1.0, -1.0, -1.0, -1.0, -1.0, -1.0, -1.0, -1.0, -1.0]
Conf:  [0.01, -1.0, -1.0, -1.0, -1.0, -1.0, -1.0, -1.0, -1.0, -1.0]
Sizes:  [590, 0, 0, 0, 0, 0, 0, 0, 0, 0]
test ONE correct subset ECE:  36.037336928869415
#questions with > 1 correct spans:  1793
Acc:  [0.54, -1.0, -1.0, -1.0, -1.0, -1.0, -1.0, -1.0, -1.0, -1.0]
Conf:  [0.01, -1.0, -1.0, -1.0, -1.0, -1.0, -1.0, -1.0, -1.0, -1.0]
Sizes:  [1793, 0, 0, 0, 0, 0, 0, 0, 0, 0]
test > 1 correct subset ECE:  52.8869527563294


Hyper-params: score_func: 3, answer_agg: False, prob: softmax, calibrator: TS
best temp:  0.01
dev spans scored
dev set
EM:  0.3417837158844353
Acc:  [0.25, 0.41, 0.4, 0.45, 0.45, 0.45, 0.48, 0.44, 0.46, 0.56]
Conf:  [0.03, 0.14, 0.24, 0.35, 0.45, 0.55, 0.65, 0.75, 0.85, 0.99]
Sizes:  [5439, 530, 285, 199, 157, 145, 120, 153, 179, 1550]
dev ECE:  25.78080416716282
test spans scored
test set
EM:  0.3285318559556787
Acc:  [0.24, 0.45, 0.38, 0.41, 0.59, 0.45, 0.41, 0.53, 0.46, 0.57]
Conf:  [0.03, 0.15, 0.24, 0.35, 0.45, 0.55, 0.65, 0.75, 0.85, 0.99]
Sizes:  [2437, 171, 105, 64, 70, 51, 41, 49, 82, 540]
test ECE:  24.70910954894619
#questions with ZERO correct spans:  1227
Acc:  [0.0, 0.0, 0.0, 0.0, 0.0, 0.0, 0.0, 0.0, 0.0, 0.0]
Conf:  [0.02, 0.15, 0.25, 0.34, 0.47, 0.54, 0.64, 0.74, 0.86, 0.99]
Sizes:  [933, 46, 30, 20, 13, 10, 14, 14, 23, 124]
test ZERO correct subset ECE:  17.483734353819603
#questions with ONE correct spans:  590
Acc:  [0.2, 0.41, 0.47, 0.67, 0.6, 0.33, 0.67, 0.67, 0.4, 0.68]
Conf:  [0.03, 0.15, 0.25, 0.35, 0.44, 0.55, 0.65, 0.76, 0.87, 1.0]
Sizes:  [342, 27, 17, 9, 10, 12, 12, 6, 10, 145]
test ONE correct subset ECE:  22.13427387004169
#questions with > 1 correct spans:  1793
Acc:  [0.45, 0.67, 0.55, 0.57, 0.74, 0.66, 0.6, 0.76, 0.69, 0.77]
Conf:  [0.03, 0.14, 0.24, 0.36, 0.45, 0.55, 0.66, 0.76, 0.85, 0.99]
Sizes:  [1162, 98, 58, 35, 47, 29, 15, 29, 49, 271]
test > 1 correct subset ECE:  36.19401784906633


Hyper-params: score_func: 3, answer_agg: True, prob: softmax, calibrator: NO
dev set loaded
test set loaded
dev spans scored
answer aggregation on dev set done
test spans scored
answer aggregation on test set done
dev set
EM:  0.34441018613680485
Acc:  [0.34, -1.0, -1.0, -1.0, -1.0, -1.0, -1.0, -1.0, -1.0, -1.0]
Conf:  [0.01, -1.0, -1.0, -1.0, -1.0, -1.0, -1.0, -1.0, -1.0, -1.0]
Sizes:  [8757, 0, 0, 0, 0, 0, 0, 0, 0, 0]
dev ECE:  33.04011863669423
test set
EM:  0.33130193905817173
Acc:  [0.33, -1.0, -1.0, -1.0, -1.0, -1.0, -1.0, -1.0, -1.0, -1.0]
Conf:  [0.01, -1.0, -1.0, -1.0, -1.0, -1.0, -1.0, -1.0, -1.0, -1.0]
Sizes:  [3610, 0, 0, 0, 0, 0, 0, 0, 0, 0]
test ECE:  31.751526983726606
#questions with ZERO correct spans:  1227
Acc:  [0.0, -1.0, -1.0, -1.0, -1.0, -1.0, -1.0, -1.0, -1.0, -1.0]
Conf:  [0.01, -1.0, -1.0, -1.0, -1.0, -1.0, -1.0, -1.0, -1.0, -1.0]
Sizes:  [1227, 0, 0, 0, 0, 0, 0, 0, 0, 0]
test ZERO correct subset ECE:  1.2932807538627673
#questions with ONE correct spans:  590
Acc:  [0.36, -1.0, -1.0, -1.0, -1.0, -1.0, -1.0, -1.0, -1.0, -1.0]
Conf:  [0.01, -1.0, -1.0, -1.0, -1.0, -1.0, -1.0, -1.0, -1.0, -1.0]
Sizes:  [590, 0, 0, 0, 0, 0, 0, 0, 0, 0]
test ONE correct subset ECE:  35.09642949004286
#questions with > 1 correct spans:  1793
Acc:  [0.55, -1.0, -1.0, -1.0, -1.0, -1.0, -1.0, -1.0, -1.0, -1.0]
Conf:  [0.01, -1.0, -1.0, -1.0, -1.0, -1.0, -1.0, -1.0, -1.0, -1.0]
Sizes:  [1793, 0, 0, 0, 0, 0, 0, 0, 0, 0]
test > 1 correct subset ECE:  53.26434718188364


Hyper-params: score_func: 3, answer_agg: True, prob: softmax, calibrator: TS
best temp:  0.01
dev spans scored
answer aggregation on dev set done
dev set
EM:  0.34441018613680485
Acc:  [0.22, 0.41, 0.43, 0.43, 0.44, 0.41, 0.47, 0.41, 0.4, 0.57]
Conf:  [0.03, 0.14, 0.24, 0.35, 0.45, 0.55, 0.65, 0.75, 0.85, 0.99]
Sizes:  [4845, 655, 341, 221, 179, 158, 169, 150, 218, 1821]
dev ECE:  24.482589952462405
test spans scored
answer aggregation on test set done
test set
EM:  0.33130193905817173
Acc:  [0.22, 0.44, 0.47, 0.38, 0.49, 0.42, 0.57, 0.52, 0.46, 0.58]
Conf:  [0.03, 0.14, 0.25, 0.34, 0.45, 0.55, 0.65, 0.75, 0.86, 0.99]
Sizes:  [2231, 222, 120, 86, 61, 66, 58, 44, 81, 641]
test ECE:  22.900763770012105
#questions with ZERO correct spans:  1227
Acc:  [0.0, 0.0, 0.0, 0.0, 0.0, 0.0, 0.0, 0.0, 0.0, 0.0]
Conf:  [0.03, 0.14, 0.25, 0.35, 0.44, 0.55, 0.65, 0.75, 0.85, 0.98]
Sizes:  [896, 54, 27, 30, 10, 22, 13, 11, 23, 141]
test ZERO correct subset ECE:  19.672873108210588
#questions with ONE correct spans:  590
Acc:  [0.19, 0.4, 0.33, 0.64, 0.5, 0.4, 0.67, 0.67, 0.38, 0.65]
Conf:  [0.03, 0.15, 0.24, 0.35, 0.45, 0.56, 0.67, 0.75, 0.87, 0.99]
Sizes:  [330, 30, 15, 14, 10, 10, 12, 9, 8, 152]
test ONE correct subset ECE:  21.21976367728874
#questions with > 1 correct spans:  1793
Acc:  [0.42, 0.62, 0.65, 0.57, 0.61, 0.71, 0.76, 0.71, 0.68, 0.79]
Conf:  [0.04, 0.14, 0.25, 0.34, 0.45, 0.55, 0.65, 0.76, 0.86, 0.99]
Sizes:  [1005, 138, 78, 42, 41, 34, 33, 24, 50, 348]
test > 1 correct subset ECE:  32.727481617908445


Hyper-params: score_func: 3, answer_agg: False, prob: sigmoid, calibrator: NO
dev set loaded
test set loaded
dev spans scored
test spans scored
dev set
EM:  0.3417837158844353
Acc:  [-1.0, -1.0, -1.0, -1.0, -1.0, 0.34, 0.66, 1.0, -1.0, -1.0]
Conf:  [-1.0, -1.0, -1.0, -1.0, -1.0, 0.51, 0.63, 0.71, -1.0, -1.0]
Sizes:  [0, 0, 0, 0, 0, 8593, 160, 4, 0, 0]
dev ECE:  17.16576760271026
test set
EM:  0.3285318559556787
Acc:  [-1.0, -1.0, -1.0, -1.0, -1.0, 0.32, 0.76, 0.5, -1.0, -1.0]
Conf:  [-1.0, -1.0, -1.0, -1.0, -1.0, 0.51, 0.63, 0.71, -1.0, -1.0]
Sizes:  [0, 0, 0, 0, 0, 3562, 46, 2, 0, 0]
test ECE:  18.502969610833773
#questions with ZERO correct spans:  1227
Acc:  [-1.0, -1.0, -1.0, -1.0, -1.0, 0.0, 0.0, 0.0, -1.0, -1.0]
Conf:  [-1.0, -1.0, -1.0, -1.0, -1.0, 0.51, 0.62, 0.71, -1.0, -1.0]
Sizes:  [0, 0, 0, 0, 0, 1223, 3, 1, 0, 0]
test ZERO correct subset ECE:  50.68133165852906
#questions with ONE correct spans:  590
Acc:  [-1.0, -1.0, -1.0, -1.0, -1.0, 0.35, 0.78, -1.0, -1.0, -1.0]
Conf:  [-1.0, -1.0, -1.0, -1.0, -1.0, 0.51, 0.64, -1.0, -1.0, -1.0]
Sizes:  [0, 0, 0, 0, 0, 567, 23, 0, 0, 0]
test ONE correct subset ECE:  15.768436365428704
#questions with > 1 correct spans:  1793
Acc:  [-1.0, -1.0, -1.0, -1.0, -1.0, 0.54, 0.85, 1.0, -1.0, -1.0]
Conf:  [-1.0, -1.0, -1.0, -1.0, -1.0, 0.51, 0.63, 0.7, -1.0, -1.0]
Sizes:  [0, 0, 0, 0, 0, 1772, 20, 1, 0, 0]
test > 1 correct subset ECE:  2.9100865448923914


Hyper-params: score_func: 3, answer_agg: False, prob: sigmoid, calibrator: TS
best temp:  10.0
dev spans scored
dev set
EM:  0.3417837158844353
Acc:  [-1.0, -1.0, -1.0, -1.0, -1.0, 0.34, -1.0, -1.0, -1.0, -1.0]
Conf:  [-1.0, -1.0, -1.0, -1.0, -1.0, 0.5, -1.0, -1.0, -1.0, -1.0]
Sizes:  [0, 0, 0, 0, 0, 8757, 0, 0, 0, 0]
dev ECE:  15.94309976302814
test spans scored
test set
EM:  0.3285318559556787
Acc:  [-1.0, -1.0, -1.0, -1.0, -1.0, 0.33, -1.0, -1.0, -1.0, -1.0]
Conf:  [-1.0, -1.0, -1.0, -1.0, -1.0, 0.5, -1.0, -1.0, -1.0, -1.0]
Sizes:  [0, 0, 0, 0, 0, 3610, 0, 0, 0, 0]
test ECE:  17.249874291194356
#questions with ZERO correct spans:  1227
Acc:  [-1.0, -1.0, -1.0, -1.0, -1.0, 0.0, -1.0, -1.0, -1.0, -1.0]
Conf:  [-1.0, -1.0, -1.0, -1.0, -1.0, 0.5, -1.0, -1.0, -1.0, -1.0]
Sizes:  [0, 0, 0, 0, 0, 1227, 0, 0, 0, 0]
test ZERO correct subset ECE:  50.068451124422666
#questions with ONE correct spans:  590
Acc:  [-1.0, -1.0, -1.0, -1.0, -1.0, 0.37, -1.0, -1.0, -1.0, -1.0]
Conf:  [-1.0, -1.0, -1.0, -1.0, -1.0, 0.5, -1.0, -1.0, -1.0, -1.0]
Sizes:  [0, 0, 0, 0, 0, 590, 0, 0, 0, 0]
test ONE correct subset ECE:  13.057197982534568
#questions with > 1 correct spans:  1793
Acc:  [-1.0, -1.0, -1.0, -1.0, -1.0, 0.54, -1.0, -1.0, -1.0, -1.0]
Conf:  [-1.0, -1.0, -1.0, -1.0, -1.0, 0.5, -1.0, -1.0, -1.0, -1.0]
Sizes:  [0, 0, 0, 0, 0, 1793, 0, 0, 0, 0]
test > 1 correct subset ECE:  3.8291634959009224


Hyper-params: score_func: 3, answer_agg: True, prob: sigmoid, calibrator: NO
dev set loaded
test set loaded
dev spans scored
answer aggregation on dev set done
test spans scored
answer aggregation on test set done
dev set
EM:  0.34441018613680485
Acc:  [-1.0, -1.0, -1.0, -1.0, -1.0, 0.34, 0.66, 1.0, -1.0, -1.0]
Conf:  [-1.0, -1.0, -1.0, -1.0, -1.0, 0.51, 0.63, 0.71, -1.0, -1.0]
Sizes:  [0, 0, 0, 0, 0, 8593, 160, 4, 0, 0]
dev ECE:  16.997857913511112
test set
EM:  0.33130193905817173
Acc:  [-1.0, -1.0, -1.0, -1.0, -1.0, 0.33, 0.76, 0.5, -1.0, -1.0]
Conf:  [-1.0, -1.0, -1.0, -1.0, -1.0, 0.51, 0.63, 0.71, -1.0, -1.0]
Sizes:  [0, 0, 0, 0, 0, 3562, 46, 2, 0, 0]
test ECE:  18.306362770012026
#questions with ZERO correct spans:  1227
Acc:  [-1.0, -1.0, -1.0, -1.0, -1.0, 0.0, 0.0, 0.0, -1.0, -1.0]
Conf:  [-1.0, -1.0, -1.0, -1.0, -1.0, 0.51, 0.62, 0.71, -1.0, -1.0]
Sizes:  [0, 0, 0, 0, 0, 1223, 3, 1, 0, 0]
test ZERO correct subset ECE:  50.71957674707732
#questions with ONE correct spans:  590
Acc:  [-1.0, -1.0, -1.0, -1.0, -1.0, 0.35, 0.78, -1.0, -1.0, -1.0]
Conf:  [-1.0, -1.0, -1.0, -1.0, -1.0, 0.51, 0.64, -1.0, -1.0, -1.0]
Sizes:  [0, 0, 0, 0, 0, 567, 23, 0, 0, 0]
test ONE correct subset ECE:  16.468429935018662
#questions with > 1 correct spans:  1793
Acc:  [-1.0, -1.0, -1.0, -1.0, -1.0, 0.54, 0.85, 1.0, -1.0, -1.0]
Conf:  [-1.0, -1.0, -1.0, -1.0, -1.0, 0.51, 0.63, 0.7, -1.0, -1.0]
Sizes:  [0, 0, 0, 0, 0, 1772, 20, 1, 0, 0]
test > 1 correct subset ECE:  3.5617005346721213


Hyper-params: score_func: 3, answer_agg: True, prob: sigmoid, calibrator: TS
best temp:  10.0
dev spans scored
answer aggregation on dev set done
dev set
EM:  0.34441018613680485
Acc:  [-1.0, -1.0, -1.0, -1.0, -1.0, 0.34, -1.0, -1.0, -1.0, -1.0]
Conf:  [-1.0, -1.0, -1.0, -1.0, -1.0, 0.5, -1.0, -1.0, -1.0, -1.0]
Sizes:  [0, 0, 0, 0, 0, 8757, 0, 0, 0, 0]
dev ECE:  15.689966301098412
test spans scored
answer aggregation on test set done
test set
EM:  0.33130193905817173
Acc:  [-1.0, -1.0, -1.0, -1.0, -1.0, 0.33, -1.0, -1.0, -1.0, -1.0]
Conf:  [-1.0, -1.0, -1.0, -1.0, -1.0, 0.5, -1.0, -1.0, -1.0, -1.0]
Sizes:  [0, 0, 0, 0, 0, 3610, 0, 0, 0, 0]
test ECE:  16.98096103996205
#questions with ZERO correct spans:  1227
Acc:  [-1.0, -1.0, -1.0, -1.0, -1.0, 0.0, -1.0, -1.0, -1.0, -1.0]
Conf:  [-1.0, -1.0, -1.0, -1.0, -1.0, 0.5, -1.0, -1.0, -1.0, -1.0]
Sizes:  [0, 0, 0, 0, 0, 1227, 0, 0, 0, 0]
test ZERO correct subset ECE:  50.072279629365504
#questions with ONE correct spans:  590
Acc:  [-1.0, -1.0, -1.0, -1.0, -1.0, 0.36, -1.0, -1.0, -1.0, -1.0]
Conf:  [-1.0, -1.0, -1.0, -1.0, -1.0, 0.5, -1.0, -1.0, -1.0, -1.0]
Sizes:  [0, 0, 0, 0, 0, 590, 0, 0, 0, 0]
test ONE correct subset ECE:  13.73737251563069
#questions with > 1 correct spans:  1793
Acc:  [-1.0, -1.0, -1.0, -1.0, -1.0, 0.55, -1.0, -1.0, -1.0, -1.0]
Conf:  [-1.0, -1.0, -1.0, -1.0, -1.0, 0.5, -1.0, -1.0, -1.0, -1.0]
Sizes:  [0, 0, 0, 0, 0, 1793, 0, 0, 0, 0]
test > 1 correct subset ECE:  4.597025953815159


Hyper-params: score_func: 4, answer_agg: False, prob: none, calibrator: NO
dev set loaded
test set loaded
dev spans scored
test spans scored
dev set
EM:  0.3417837158844353
Acc:  [0.31, 0.53, 0.54, 0.62, 0.61, 0.7, 0.73, 0.57, 1.0, 1.0]
Conf:  [0.02, 0.14, 0.24, 0.35, 0.45, 0.55, 0.64, 0.75, 0.84, 0.93]
Sizes:  [7650, 586, 237, 117, 76, 44, 26, 14, 5, 2]
dev ECE:  29.375305499656733
test set
EM:  0.3285318559556787
Acc:  [0.3, 0.51, 0.61, 0.68, 0.61, 0.9, 0.92, 0.5, 1.0, 0.0]
Conf:  [0.02, 0.14, 0.25, 0.34, 0.44, 0.57, 0.64, 0.76, 0.87, 0.91]
Sizes:  [3218, 222, 83, 38, 23, 10, 12, 2, 1, 1]
test ECE:  28.810348382022223
#questions with ZERO correct spans:  1227
Acc:  [0.0, 0.0, 0.0, 0.0, 0.0, -1.0, 0.0, -1.0, -1.0, 0.0]
Conf:  [0.01, 0.14, 0.25, 0.33, 0.43, -1.0, 0.6, -1.0, -1.0, 0.91]
Sizes:  [1144, 51, 21, 6, 3, 0, 1, 0, 0, 1]
test ZERO correct subset ECE:  2.738178584043243
#questions with ONE correct spans:  590
Acc:  [0.29, 0.53, 0.84, 0.86, 0.67, 0.86, 1.0, 0.5, -1.0, -1.0]
Conf:  [0.02, 0.15, 0.25, 0.34, 0.46, 0.57, 0.63, 0.76, -1.0, -1.0]
Sizes:  [471, 57, 25, 14, 9, 7, 5, 2, 0, 0]
test ONE correct subset ECE:  30.2634012184547
#questions with > 1 correct spans:  1793
Acc:  [0.51, 0.73, 0.81, 0.78, 0.73, 1.0, 1.0, -1.0, 1.0, -1.0]
Conf:  [0.02, 0.14, 0.24, 0.35, 0.43, 0.56, 0.64, -1.0, 0.87, -1.0]
Sizes:  [1603, 114, 37, 18, 11, 3, 6, 0, 1, 0]
test > 1 correct subset ECE:  49.81994033862205


Hyper-params: score_func: 4, answer_agg: False, prob: none, calibrator: TS
best temp:  0.41
dev spans scored
dev set
EM:  0.3417837158844353
Acc:  [0.26, 0.41, 0.4, 0.39, 0.44, 0.41, 0.44, 0.44, 0.46, 0.6]
Conf:  [0.03, 0.14, 0.25, 0.35, 0.45, 0.54, 0.65, 0.75, 0.85, 0.96]
Sizes:  [4638, 1308, 681, 448, 355, 274, 239, 226, 204, 384]
dev ECE:  21.816971330030864
test spans scored
test set
EM:  0.3285318559556787
Acc:  [0.25, 0.42, 0.36, 0.4, 0.45, 0.37, 0.51, 0.46, 0.51, 0.66]
Conf:  [0.03, 0.15, 0.25, 0.35, 0.45, 0.55, 0.65, 0.75, 0.85, 0.96]
Sizes:  [2093, 485, 233, 179, 141, 115, 94, 67, 83, 120]
test ECE:  20.55443408042769
#questions with ZERO correct spans:  1227
Acc:  [0.0, 0.0, 0.0, 0.0, 0.0, 0.0, 0.0, 0.0, 0.0, 0.0]
Conf:  [0.03, 0.14, 0.25, 0.35, 0.45, 0.55, 0.65, 0.75, 0.84, 0.94]
Sizes:  [801, 128, 70, 56, 38, 44, 23, 18, 22, 27]
test ZERO correct subset ECE:  15.71014036788031
#questions with ONE correct spans:  590
Acc:  [0.21, 0.45, 0.32, 0.46, 0.44, 0.43, 0.61, 0.71, 0.58, 0.84]
Conf:  [0.03, 0.15, 0.24, 0.35, 0.45, 0.55, 0.65, 0.75, 0.85, 0.96]
Sizes:  [288, 67, 47, 24, 27, 21, 28, 17, 26, 45]
test ONE correct subset ECE:  15.97818707838718
#questions with > 1 correct spans:  1793
Acc:  [0.46, 0.59, 0.59, 0.62, 0.67, 0.68, 0.72, 0.59, 0.77, 0.85]
Conf:  [0.03, 0.15, 0.25, 0.35, 0.45, 0.55, 0.65, 0.75, 0.85, 0.96]
Sizes:  [1004, 290, 116, 99, 76, 50, 43, 32, 35, 48]
test > 1 correct subset ECE:  37.11408910606845


